<?xml version="1.0" encoding="UTF-8"?>
<!-- Generated by org.testng.reporters.JUnitXMLReporter -->
<testsuite ignored="0" hostname="Pawanuuuu" failures="0" tests="2" name="Error Validation Test" time="17.505" errors="0" timestamp="2025-10-23T19:05:15 IST">
  <testcase classname="com.enterprise.tests.ErrorValidation" name="LoginErrorValidation" time="0.622"/>
  <testcase classname="com.enterprise.tests.ErrorValidation" name="ProductErrorValidation" time="12.284"/>
</testsuite> <!-- Error Validation Test -->
