<?xml version="1.0" encoding="UTF-8"?>
<!-- Generated by org.testng.reporters.JUnitXMLReporter -->
<testsuite ignored="0" hostname="Pawanuuuu" failures="0" tests="2" name="Error Validation Test" time="13.933" errors="0" timestamp="2025-10-23T21:24:25 IST">
  <testcase classname="com.enterprise.tests.ErrorValidation" name="LoginErrorValidation" time="1.048"/>
  <testcase classname="com.enterprise.tests.ErrorValidation" name="ProductErrorValidation" time="2.081"/>
</testsuite> <!-- Error Validation Test -->
