<?xml version="1.0" encoding="UTF-8"?>
<!-- Generated by org.testng.reporters.JUnitXMLReporter -->
<testsuite ignored="0" hostname="Pawanuuuu" failures="0" tests="3" name="Submit Order Test" time="17.086" errors="0" timestamp="2025-10-23T21:24:28 IST">
  <testcase classname="com.enterprise.tests.SubmitOrderTest" name="submitOrder" time="3.088"/>
  <testcase classname="com.enterprise.tests.SubmitOrderTest" name="submitOrder" time="2.872"/>
  <testcase classname="com.enterprise.tests.SubmitOrderTest" name="OrderHistoryTest" time="0.655"/>
</testsuite> <!-- Submit Order Test -->
